<?xml version="1.0" encoding="UTF-8"?>
<!-- Generated by org.testng.reporters.JUnitReportReporter -->
<testsuite hostname="Sundar-Home" failures="0" tests="1" name="organization.Create_organisation" time="30.034" errors="0" timestamp="2025-03-18T13:02:50 IST" skipped="0">
  <testcase classname="organization.Create_organisation" name="CreateOrganizationTest" time="30.034"/>
  <system-out/>
</testsuite> <!-- organization.Create_organisation -->
