<?xml version="1.0" encoding="UTF-8"?>
<!-- Generated by org.testng.reporters.JUnitReportReporter -->
<testsuite hostname="Sundar-Home" failures="0" tests="1" name="testNG.Softassert" time="0.013" errors="0" timestamp="2025-02-28T15:54:39 IST" skipped="0">
  <testcase classname="testNG.Softassert" name="m1" time="0.013"/>
  <system-out/>
</testsuite> <!-- testNG.Softassert -->
