<?xml version="1.0" encoding="UTF-8"?>
<!-- Generated by org.testng.reporters.JUnitReportReporter -->
<testsuite hostname="Sundar-Home" failures="0" tests="1" name="campaigns.CreateCampaigns" time="27.621" errors="0" timestamp="2025-03-18T13:02:50 IST" skipped="0">
  <testcase classname="campaigns.CreateCampaigns" name="CreateCampaigns" time="27.621"/>
  <system-out/>
</testsuite> <!-- campaigns.CreateCampaigns -->
