<?xml version="1.0" encoding="UTF-8"?>
<!-- Generated by org.testng.reporters.JUnitReportReporter -->
<testsuite hostname="Sundar-Home" failures="0" tests="5" name="testNG.sample" time="0.013" errors="0" timestamp="2025-02-20T15:18:11 IST" skipped="1">
  <testcase classname="testNG.sample" name="createpro" time="0.001"/>
  <testcase classname="testNG.sample" name="createpro" time="0.010"/>
  <testcase classname="testNG.sample" name="updatepro" time="0.002"/>
  <testcase classname="testNG.sample" name="deletepro" time="0.000"/>
  <testcase classname="testNG.sample" name="modify">
    <skipped/>
  </testcase> <!-- modify -->
</testsuite> <!-- testNG.sample -->
