<?xml version="1.0" encoding="UTF-8"?>
<!-- Generated by org.testng.reporters.JUnitReportReporter -->
<testsuite hostname="Sundar-Home" failures="0" tests="1" name="testNG.Data_provider_3" time="0.000" errors="0" timestamp="2025-02-24T12:48:49 IST" skipped="1">
  <testcase classname="testNG.Data_provider_3" name="createOrganization" time="0.000">
    <skipped/>
  </testcase> <!-- createOrganization -->
  <system-out/>
</testsuite> <!-- testNG.Data_provider_3 -->
