<?xml version="1.0" encoding="UTF-8"?>
<!-- Generated by org.testng.reporters.JUnitReportReporter -->
<testsuite hostname="Sundar-Home" failures="0" tests="3" name="testNG.Data_provide_1" time="0.013" errors="0" timestamp="2025-02-20T15:54:13 IST" skipped="0">
  <testcase classname="testNG.Data_provide_1" name="bookTickets" time="0.008"/>
  <testcase classname="testNG.Data_provide_1" name="bookTickets" time="0.003"/>
  <testcase classname="testNG.Data_provide_1" name="bookTickets" time="0.002"/>
</testsuite> <!-- testNG.Data_provide_1 -->
