<?xml version="1.0" encoding="UTF-8"?>
<!-- Generated by org.testng.reporters.JUnitReportReporter -->
<testsuite hostname="Sundar-Home" failures="0" tests="1" name="campaigns.CreateCampaigns" time="28.703" errors="0" timestamp="2025-03-07T23:07:07 IST" skipped="0">
  <testcase classname="campaigns.CreateCampaigns" name="CreateCampaigns" time="28.703"/>
  <system-out/>
</testsuite> <!-- campaigns.CreateCampaigns -->
