<?xml version="1.0" encoding="UTF-8"?>
<!-- Generated by org.testng.reporters.JUnitReportReporter -->
<testsuite hostname="Sundar-Home" failures="0" tests="1" name="organization.CreateCampaigns" time="20.204" errors="0" timestamp="2025-03-05T23:55:06 IST" skipped="0">
  <testcase classname="organization.CreateCampaigns" name="CreateCampaigns" time="20.204"/>
  <system-out/>
</testsuite> <!-- organization.CreateCampaigns -->
