<?xml version="1.0" encoding="UTF-8"?>
<!-- Generated by org.testng.reporters.JUnitReportReporter -->
<testsuite hostname="Sundar-Home" failures="0" tests="1" name="campaigns.campcreateWpro" time="43.929" errors="0" timestamp="2025-03-07T23:12:22 IST" skipped="0">
  <testcase classname="campaigns.campcreateWpro" name="campcreateWpro" time="43.929"/>
  <system-out/>
</testsuite> <!-- campaigns.campcreateWpro -->
